<?xml version="1.0" encoding="UTF-8"?>
<!-- Generated by org.testng.reporters.JUnitReportReporter -->
<testsuite hostname="NSL-6137" failures="0" tests="9" name="api.test.DDTests" time="13.096" errors="0" timestamp="2024-03-12T17:04:06 IST" skipped="0">
  <testcase classname="api.test.DDTests" name="testPostUser" time="1.169"/>
  <system-out/>
  <testcase classname="api.test.DDTests" name="testPostUser" time="1.135"/>
  <system-out/>
  <testcase classname="api.test.DDTests" name="testPostUser" time="4.194"/>
  <system-out/>
  <testcase classname="api.test.DDTests" name="testGetUserByName" time="1.094"/>
  <system-out/>
  <testcase classname="api.test.DDTests" name="testGetUserByName" time="1.097"/>
  <system-out/>
  <testcase classname="api.test.DDTests" name="testGetUserByName" time="1.152"/>
  <system-out/>
  <testcase classname="api.test.DDTests" name="testDeleteUserByName" time="1.115"/>
  <system-out/>
  <testcase classname="api.test.DDTests" name="testDeleteUserByName" time="1.057"/>
  <system-out/>
  <testcase classname="api.test.DDTests" name="testDeleteUserByName" time="1.083"/>
  <system-out/>
</testsuite> <!-- api.test.DDTests -->
