<?xml version="1.0" encoding="UTF-8"?>
<!-- Generated by org.testng.reporters.JUnitReportReporter -->
<testsuite hostname="NSL-6137" failures="0" tests="4" name="api.test.UserTests" time="8.593" errors="0" timestamp="2024-03-12T23:48:27 IST" skipped="0">
  <testcase classname="api.test.UserTests" name="testPostUser" time="4.021"/>
  <system-out/>
  <testcase classname="api.test.UserTests" name="testGetUserByName" time="1.159"/>
  <system-out/>
  <testcase classname="api.test.UserTests" name="testUpdateUserByName" time="2.318"/>
  <system-out/>
  <testcase classname="api.test.UserTests" name="testDeleteUserByName" time="1.095"/>
  <system-out/>
</testsuite> <!-- api.test.UserTests -->
